#
# There is insufficient memory for the Java Runtime Environment to continue.
# Native memory allocation (malloc) failed to allocate 1048576 bytes for AllocateHeap
# Possible reasons:
#   The system is out of physical RAM or swap space
#   In 32 bit mode, the process size limit was hit
# Possible solutions:
#   Reduce memory load on the system
#   Increase physical memory or swap space
#   Check if swap backing store is full
#   Use 64 bit Java on a 64 bit OS
#   Decrease Java heap size (-Xmx/-Xms)
#   Decrease number of Java threads
#   Decrease Java thread stack sizes (-Xss)
#   Set larger code cache with -XX:ReservedCodeCacheSize=
# This output file may be truncated or incomplete.
#
#  Out of Memory Error (memory/allocation.inline.hpp:61), pid=11972, tid=0x00000000000029d0
#
# JRE version:  (8.0_92-b14) (build )
# Java VM: Java HotSpot(TM) 64-Bit Server VM (25.92-b14 mixed mode windows-amd64 compressed oops)
# Failed to write core dump. Minidumps are not enabled by default on client versions of Windows
#

---------------  T H R E A D  ---------------

Current thread (0x000000000240e000):  JavaThread "Unknown thread" [_thread_in_vm, id=10704, stack(0x00000000022f0000,0x00000000023f0000)]

Stack: [0x00000000022f0000,0x00000000023f0000]
[error occurred during error reporting (printing stack bounds), id 0xc0000005]

Native frames: (J=compiled Java code, j=interpreted, Vv=VM code, C=native code)


---------------  P R O C E S S  ---------------

Java Threads: ( => current thread )

Other Threads:

=>0x000000000240e000 (exited) JavaThread "Unknown thread" [_thread_in_vm, id=10704, stack(0x00000000022f0000,0x00000000023f0000)]

VM state:not at safepoint (normal execution)

VM Mutex/Monitor currently owned by a thread: None

Heap:
 PSYoungGen      total 38400K, used 665K [0x00000000eab00000, 0x00000000ed580000, 0x0000000100000000)
  eden space 33280K, 2% used [0x00000000eab00000,0x00000000eaba6670,0x00000000ecb80000)
  from space 5120K, 0% used [0x00000000ed080000,0x00000000ed080000,0x00000000ed580000)
  to   space 5120K, 0% used [0x00000000ecb80000,0x00000000ecb80000,0x00000000ed080000)
 ParOldGen       total 87552K, used 0K [0x00000000c0000000, 0x00000000c5580000, 0x00000000eab00000)
  object space 87552K, 0% used [0x00000000c0000000,0x00000000c0000000,0x00000000c5580000)
 Metaspace       used 783K, capacity 1092K, committed 1152K, reserved 1060864K
  class space    used 75K, capacity 384K, committed 384K, reserved 1048576K

Card table byte_map: [0x00000000118d0000,0x0000000011ae0000] byte_map_base: 0x00000000112d0000

Marking Bits: (ParMarkBitMap*) 0x0000000050d864f0
 Begin Bits: [0x0000000012040000, 0x0000000013040000)
 End Bits:   [0x0000000013040000, 0x0000000014040000)

Polling page: 0x0000000002290000

CodeCache: size=245760Kb used=327Kb max_used=327Kb free=245432Kb
 bounds [0x0000000002510000, 0x0000000002780000, 0x0000000011510000]
 total_blobs=56 nmethods=0 adapters=38
 compilation: enabled

Compilation events (0 events):
No events

GC Heap History (0 events):
No events

Deoptimization events (0 events):
No events

Internal exceptions (0 events):
No events

Events (10 events):
Event: 0.039 loading class java/lang/Short
Event: 0.039 loading class java/lang/Short done
Event: 0.039 loading class java/lang/Integer
Event: 0.040 loading class java/lang/Integer done
Event: 0.040 loading class java/lang/Long
Event: 0.040 loading class java/lang/Long done
Event: 0.041 loading class java/lang/NullPointerException
Event: 0.041 loading class java/lang/NullPointerException done
Event: 0.041 loading class java/lang/ArithmeticException
Event: 0.041 loading class java/lang/ArithmeticException done


Dynamic libraries:
0x00007ff7fd940000 - 0x00007ff7fd977000 	C:\Program Files\Java\jdk1.8.0_92\bin\java.exe
0x00007ffba1940000 - 0x00007ffba1ae9000 	C:\Windows\SYSTEM32\ntdll.dll
0x00007ffb9f690000 - 0x00007ffb9f7ca000 	C:\Windows\system32\KERNEL32.DLL
0x00007ffb9eee0000 - 0x00007ffb9efef000 	C:\Windows\system32\KERNELBASE.dll
0x00007ffba0d60000 - 0x00007ffba0e05000 	C:\Windows\system32\ADVAPI32.dll
0x00007ffba1400000 - 0x00007ffba1571000 	C:\Windows\system32\USER32.dll
0x00007ffb9ced0000 - 0x00007ffb9d12a000 	C:\Windows\WinSxS\amd64_microsoft.windows.common-controls_6595b64144ccf1df_6.0.9600.16384_none_62475f7becb72503\COMCTL32.dll
0x00007ffba15e0000 - 0x00007ffba1687000 	C:\Windows\system32\msvcrt.dll
0x00007ffba1580000 - 0x00007ffba15d7000 	C:\Windows\SYSTEM32\sechost.dll
0x00007ffb9f800000 - 0x00007ffb9f936000 	C:\Windows\system32\RPCRT4.dll
0x00007ffba0e10000 - 0x00007ffba0f55000 	C:\Windows\system32\GDI32.dll
0x00007ffb9f270000 - 0x00007ffb9f2a4000 	C:\Windows\system32\IMM32.DLL
0x00007ffb9f2b0000 - 0x00007ffb9f3e9000 	C:\Windows\system32\MSCTF.dll
0x0000000053460000 - 0x0000000053532000 	C:\Program Files\Java\jdk1.8.0_92\jre\bin\msvcr100.dll
0x0000000050570000 - 0x0000000050e06000 	C:\Program Files\Java\jdk1.8.0_92\jre\bin\server\jvm.dll
0x00007ffb85630000 - 0x00007ffb85639000 	C:\Windows\SYSTEM32\WSOCK32.dll
0x00007ffb9c4f0000 - 0x00007ffb9c50f000 	C:\Windows\SYSTEM32\WINMM.dll
0x00007ffb9b400000 - 0x00007ffb9b40a000 	C:\Windows\SYSTEM32\VERSION.dll
0x00007ffb9f7d0000 - 0x00007ffb9f7d7000 	C:\Windows\system32\PSAPI.DLL
0x00007ffb9f5d0000 - 0x00007ffb9f628000 	C:\Windows\system32\WS2_32.dll
0x00007ffb9c4b0000 - 0x00007ffb9c4da000 	C:\Windows\SYSTEM32\WINMMBASE.dll
0x00007ffba1880000 - 0x00007ffba1889000 	C:\Windows\system32\NSI.dll
0x00007ffb9ede0000 - 0x00007ffb9ee2a000 	C:\Windows\SYSTEM32\cfgmgr32.dll
0x00007ffb9db50000 - 0x00007ffb9db76000 	C:\Windows\SYSTEM32\DEVOBJ.dll
0x0000000053450000 - 0x000000005345f000 	C:\Program Files\Java\jdk1.8.0_92\jre\bin\verify.dll
0x0000000053420000 - 0x0000000053449000 	C:\Program Files\Java\jdk1.8.0_92\jre\bin\java.dll
0x0000000053400000 - 0x0000000053416000 	C:\Program Files\Java\jdk1.8.0_92\jre\bin\zip.dll

VM Arguments:
jvm_args: -Djava.awt.headless=true -Xmx1024M -Dfile.encoding=windows-1256 -Duser.country=US -Duser.language=en -Duser.variant 
java_command: com.android.dx.command.Main --dex --force-jumbo --num-threads=4 --multi-dex --output F:\PROJECTS\ME\BrainBoostRevereseAnswer\app\build\intermediates\transforms\dex\debug\folders\1000\5\slice_8 F:\PROJECTS\ME\BrainBoostRevereseAnswer\app\build\intermediates\transforms\instantRunSlicer\debug\folders\1\5\slice_8
java_class_path (initial): E:\GameBackup\Source\cocos2d-x-3.2\android\adt\sdk\build-tools\25.0.2\lib\dx.jar
Launcher Type: SUN_STANDARD

Environment Variables:
JAVA_HOME=C:\Program Files\Java\jdk1.7.0_51
USERNAME=kami
OS=Windows_NT
PROCESSOR_IDENTIFIER=Intel64 Family 6 Model 15 Stepping 11, GenuineIntel



---------------  S Y S T E M  ---------------

OS: Windows 8.1 , 64 bit Build 9600 (6.3.9600.16384)

CPU:total 4 (4 cores per cpu, 1 threads per core) family 6 model 15 stepping 11, cmov, cx8, fxsr, mmx, sse, sse2, sse3, ssse3, tsc

Memory: 4k page, physical 8387668k(1022992k free), swap 18465604k(30528k free)

vm_info: Java HotSpot(TM) 64-Bit Server VM (25.92-b14) for windows-amd64 JRE (1.8.0_92-b14), built on Mar 31 2016 21:03:04 by "java_re" with MS VC++ 10.0 (VS2010)

time: Sat Dec 24 00:17:56 2016
elapsed time: 0 seconds (0d 0h 0m 0s)

